ERROR:CHECKUP: DataType int required for 1
ERROR:CHECKUP: DataType int required for 2
ERROR:CHECKUP: DataType int required for 3
ERROR:CHECKUP: DataType int required for 4
ERROR:PRIMARY KEY : 4 exits in the id
ERROR:PRIMARY KEY : 5 exits in the id
ERROR:ROW : element 5 not found in id
ERROR:PRIMARY KEY : 3 exits in the id
ERROR:PRIMARY KEY : 5 exits in the id
ERROR:ROW : element 6 not found in id
ERROR:ROW : element 5 not found in id
ERROR:COLUMN : column id already exists
ERROR:COLUMN : column task already exists
ERROR:COLUMN : column status already exists
ERROR:PRIMARY KEY : 1 exits in the id
ERROR:TABLE : Column status is already True
ERROR:PRIMARY KEY : dasda exits in the task
ERROR:TABLE : table is empty
ERROR:PRIMARY KEY : dsada exits in the task
ERROR:PRIMARY KEY : d exits in the task
ERROR:PRIMARY KEY : as exits in the task
ERROR:PRIMARY KEY : d exits in the task
ERROR:PRIMARY KEY : as exits in the task
ERROR:PRIMARY KEY : das exits in the task
ERROR:PRIMARY KEY : das exits in the task
ERROR:PRIMARY KEY : das exits in the task
ERROR:PRIMARY KEY : das exits in the task
ERROR:PRIMARY KEY : d exits in the task
ERROR:PRIMARY KEY : d exits in the task
ERROR:PRIMARY KEY : as exits in the task
ERROR:PRIMARY KEY : d exits in the task
ERROR:PRIMARY KEY : dasdas exits in the task
ERROR:ROW : element xCzcZCZx not found in task
ERROR:PRIMARY KEY : asdas exits in the task
ERROR:PRIMARY KEY : d exits in the task
ERROR:PRIMARY KEY : as exits in the task
ERROR:PRIMARY KEY : d exits in the task
ERROR:PRIMARY KEY : as exits in the task
ERROR:PRIMARY KEY : d exits in the task
ERROR:PRIMARY KEY : asd exits in the task
ERROR:PRIMARY KEY : v exits in the task
ERROR:PRIMARY KEY : xc exits in the task
ERROR:PRIMARY KEY : v exits in the task
ERROR:PRIMARY KEY : zxc exits in the task
ERROR:PRIMARY KEY : as exits in the task
ERROR:PRIMARY KEY : da exits in the task
ERROR:PRIMARY KEY : sd exits in the task
ERROR:PRIMARY KEY : as exits in the task
ERROR:PRIMARY KEY : as exits in the task
ERROR:PRIMARY KEY : d exits in the task
ERROR:PRIMARY KEY : as exits in the task
ERROR:PRIMARY KEY : d exits in the task
ERROR:PRIMARY KEY : as exits in the task
ERROR:PRIMARY KEY : d exits in the task
ERROR:PRIMARY KEY : as exits in the task
ERROR:PRIMARY KEY : da exits in the task
ERROR:PRIMARY KEY : sd exits in the task
ERROR:PRIMARY KEY : asd exits in the task
ERROR:PRIMARY KEY : va exits in the task
ERROR:PRIMARY KEY : va exits in the task
ERROR:PRIMARY KEY : va exits in the task
ERROR:PRIMARY KEY : fa exits in the task
ERROR:PRIMARY KEY : df exits in the task
ERROR:PRIMARY KEY : asd exits in the task
ERROR:PRIMARY KEY : fa exits in the task
ERROR:PRIMARY KEY : das exits in the task
ERROR:PRIMARY KEY : das exits in the task
ERROR:PRIMARY KEY : d exits in the task
ERROR:PRIMARY KEY : as exits in the task
ERROR:PRIMARY KEY : d exits in the task
ERROR:PRIMARY KEY : as exits in the task
ERROR:PRIMARY KEY : dasdas exits in the task
ERROR:PRIMARY KEY : as exits in the task
ERROR:PRIMARY KEY : da exits in the task
ERROR:PRIMARY KEY : da exits in the task
ERROR:PRIMARY KEY : asd exits in the task
ERROR:PRIMARY KEY : as exits in the task
ERROR:PRIMARY KEY : d exits in the task
ERROR:PRIMARY KEY : asd exits in the task
ERROR:PRIMARY KEY : f exits in the task
ERROR:PRIMARY KEY : asd exits in the task
ERROR:PRIMARY KEY : f exits in the task
ERROR:PRIMARY KEY : asd exits in the task
ERROR:PRIMARY KEY : f exits in the task
ERROR:PRIMARY KEY : asdf exits in the task
ERROR:PRIMARY KEY : asd exits in the task
ERROR:PRIMARY KEY : f exits in the task
ERROR:PRIMARY KEY : as exits in the task
ERROR:PRIMARY KEY : asd exits in the task
ERROR:PRIMARY KEY : das exits in the task
ERROR:PRIMARY KEY : as exits in the task
ERROR:PRIMARY KEY : d exits in the task
ERROR:PRIMARY KEY : as exits in the task
ERROR:PRIMARY KEY : asd exits in the task
ERROR:PRIMARY KEY : as exits in the task
ERROR:PRIMARY KEY : as exits in the task
ERROR:PRIMARY KEY : das exits in the task
ERROR:PRIMARY KEY : sd exits in the task
ERROR:PRIMARY KEY : as exits in the task
ERROR:PRIMARY KEY : das exits in the task
ERROR:ROW : element df not found in task
ERROR:PRIMARY KEY : das exits in the task
ERROR:PRIMARY KEY : as exits in the task
ERROR:ROW : element asd not found in task
ERROR:ROW : element sd not found in task
ERROR:PRIMARY KEY : dasdas exits in the task
ERROR:PRIMARY KEY : d exits in the task
ERROR:ROW : element dsadas not found in task
ERROR:TABLE : table is empty
ERROR:ROW : element sdas not found in task
ERROR:PRIMARY KEY : as exits in the task
ERROR:PRIMARY KEY : das exits in the task
ERROR:PRIMARY KEY : as exits in the task
ERROR:PRIMARY KEY : d exits in the task
ERROR:PRIMARY KEY : as exits in the task
ERROR:PRIMARY KEY : das exits in the task
ERROR:PRIMARY KEY : d exits in the task
ERROR:PRIMARY KEY : as exits in the task
ERROR:PRIMARY KEY : d exits in the task
ERROR:PRIMARY KEY : as exits in the task
ERROR:PRIMARY KEY : d exits in the task
ERROR:PRIMARY KEY : as exits in the task
ERROR:PRIMARY KEY : d exits in the task
ERROR:PRIMARY KEY : as exits in the task
ERROR:PRIMARY KEY : das exits in the task
ERROR:PRIMARY KEY : sd exits in the task
ERROR:PRIMARY KEY : da exits in the task
ERROR:PRIMARY KEY : sd exits in the task
ERROR:PRIMARY KEY : d exits in the task
ERROR:PRIMARY KEY : sd exits in the task
ERROR:PRIMARY KEY : d exits in the task
ERROR:PRIMARY KEY : sa exits in the task
ERROR:PRIMARY KEY : d exits in the task
ERROR:PRIMARY KEY : as exits in the task
ERROR:PRIMARY KEY : d exits in the task
ERROR:PRIMARY KEY : as exits in the task
ERROR:PRIMARY KEY : d exits in the task
ERROR:PRIMARY KEY : d exits in the task
