SUCCESS:COLUMN : Created 1 Column sucessfully
SUCCESS:COLUMN : Created 1 Column sucessfully
SUCCESS:COLUMN : Created 1 Column sucessfully
SUCCESS:ROW : sucessfully added to 'tasks'
SUCCESS:ROW : sucessfully added to 'tasks'
SUCCESS:ROW : sucessfully added to 'tasks'
SUCCESS:ROW : sucessfully added to 'tasks'
SUCCESS:ROW : sucessfully added to 'tasks'
SUCCESS:ROW : sucessfully added to 'tasks'
SUCCESS:ROWS : '5' deleted sucessfully
SUCCESS:ROWS : '6' deleted sucessfully
SUCCESS:ROW : sucessfully added to 'tasks'
SUCCESS:ROW : sucessfully added to 'tasks'
SUCCESS:ROWS : '6' deleted sucessfully
SUCCESS:ROWS : '5' deleted sucessfully
SUCCESS:TABLE : changes made in status,from True -> False
SUCCESS:TABLE : changes made in status,from False -> True
SUCCESS:TABLE : changes made in status,from False -> True
SUCCESS:TABLE : changes made in status,from False -> True
SUCCESS:TABLE : changes made in status,from False -> True
SUCCESS:TABLE : changes made in status,from True -> False
SUCCESS:TABLE : changes made in status,from True -> False
SUCCESS:TABLE : changes made in status,from True -> False
SUCCESS:TABLE : changes made in status,from True -> False
SUCCESS:TABLE : changes made in status,from False -> True
SUCCESS:TABLE : changes made in status,from False -> True
SUCCESS:TABLE : changes made in status,from True -> False
SUCCESS:TABLE : changes made in status,from True -> False
SUCCESS:TABLE : changes made in status,from False -> True
SUCCESS:TABLE : changes made in status,from False -> True
SUCCESS:TABLE : changes made in status,from False -> True
SUCCESS:TABLE : changes made in status,from False -> True
SUCCESS:TABLE : changes made in status,from True -> False
SUCCESS:TABLE : changes made in status,from True -> False
SUCCESS:TABLE : changes made in status,from False -> True
SUCCESS:TABLE : changes made in status,from True -> False
SUCCESS:TABLE : changes made in status,from False -> True
SUCCESS:TABLE : changes made in status,from False -> True
SUCCESS:TABLE : changes made in status,from True -> False
SUCCESS:TABLE : changes made in status,from True -> False
SUCCESS:TABLE : changes made in status,from False -> True
SUCCESS:TABLE : changes made in status,from True -> False
SUCCESS:TABLE : changes made in status,from False -> True
SUCCESS:ROW : sucessfully added to 'tasks'
SUCCESS:ROW : sucessfully added to 'tasks'
SUCCESS:ROWS : 'new' deleted sucessfully
SUCCESS:ROWS : 'new task' deleted sucessfully
SUCCESS:ROW : sucessfully added to 'tasks'
SUCCESS:ROW : sucessfully added to 'tasks'
SUCCESS:ROW : sucessfully added to 'tasks'
SUCCESS:ROW : sucessfully added to 'tasks'
SUCCESS:ROWS : 'hwll' deleted sucessfully
SUCCESS:ROWS : '' deleted sucessfully
SUCCESS:ROWS : 'nwe' deleted sucessfully
SUCCESS:ROWS : 'new' deleted sucessfully
SUCCESS:ROW : sucessfully added to 'tasks'
SUCCESS:ROWS : 'new task' deleted sucessfully
SUCCESS:ROW : sucessfully added to 'tasks'
SUCCESS:ROWS : 'new task' deleted sucessfully
SUCCESS:ROWS : 'edit src/Homescreen.py' deleted sucessfully
SUCCESS:ROWS : 'edit edit the sequence of main.py' deleted sucessfully
SUCCESS:ROWS : 'enjoy rocket ui' deleted sucessfully
SUCCESS:ROW : sucessfully added to 'tasks'
SUCCESS:ROWS : 'new task' deleted sucessfully
SUCCESS:ROWS : 'under the class component system' deleted sucessfully
SUCCESS:ROW : sucessfully added to 'tasks'
SUCCESS:ROWS : 'brush' deleted sucessfully
SUCCESS:ROW : sucessfully added to 'tasks'
SUCCESS:ROW : sucessfully added to 'tasks'
SUCCESS:ROWS : 'lets study' deleted sucessfully
SUCCESS:ROWS : 'lets do some study' deleted sucessfully
SUCCESS:ROW : sucessfully added to 'tasks'
SUCCESS:ROWS : 'brush teeth' deleted sucessfully
SUCCESS:ROW : sucessfully added to 'tasks'
SUCCESS:ROW : sucessfully added to 'tasks'
SUCCESS:TABLE : changes made in status,from False -> True
SUCCESS:TABLE : changes made in status,from False -> True
SUCCESS:TABLE : changes made in status,from True -> False
SUCCESS:TABLE : changes made in status,from True -> False
SUCCESS:TABLE : changes made in status,from False -> True
SUCCESS:ROWS : 'task' deleted sucessfully
SUCCESS:ROW : sucessfully added to 'tasks'
SUCCESS:TABLE : changes made in status,from False -> True
SUCCESS:TABLE : changes made in status,from True -> False
SUCCESS:ROW : sucessfully added to 'tasks'
SUCCESS:TABLE : changes made in status,from False -> True
SUCCESS:TABLE : changes made in status,from False -> True
SUCCESS:ROWS : 'sada' deleted sucessfully
SUCCESS:ROW : sucessfully added to 'tasks'
SUCCESS:ROW : sucessfully added to 'tasks'
SUCCESS:ROW : sucessfully added to 'tasks'
SUCCESS:ROW : sucessfully added to 'tasks'
SUCCESS:ROW : sucessfully added to 'tasks'
SUCCESS:ROW : sucessfully added to 'tasks'
SUCCESS:ROW : sucessfully added to 'tasks'
SUCCESS:ROWS : 'dsadasd' deleted sucessfully
SUCCESS:ROWS : 'dsadas' deleted sucessfully
SUCCESS:ROWS : 'dsad' deleted sucessfully
SUCCESS:ROWS : 'dsada' deleted sucessfully
SUCCESS:ROWS : 'dasda' deleted sucessfully
SUCCESS:ROWS : 'sadas' deleted sucessfully
SUCCESS:ROWS : 'hola' deleted sucessfully
SUCCESS:ROWS : 'going to gym' deleted sucessfully
SUCCESS:ROW : sucessfully added to 'tasks'
SUCCESS:ROWS : 'addd' deleted sucessfully
SUCCESS:ROW : sucessfully added to 'tasks'
SUCCESS:ROW : sucessfully added to 'tasks'
SUCCESS:ROW : sucessfully added to 'tasks'
SUCCESS:ROWS : 'dsada' deleted sucessfully
SUCCESS:ROWS : 'dssadasd' deleted sucessfully
SUCCESS:ROWS : 'dasdasda' deleted sucessfully
SUCCESS:ROWS : 'hello' deleted sucessfully
SUCCESS:ROW : sucessfully added to 'tasks'
SUCCESS:ROW : sucessfully added to 'tasks'
SUCCESS:ROWS : 'hole' deleted sucessfully
SUCCESS:ROWS : 'new' deleted sucessfully
SUCCESS:ROW : sucessfully added to 'tasks'
SUCCESS:ROWS : 'sdadasd' deleted sucessfully
SUCCESS:ROW : sucessfully added to 'tasks'
SUCCESS:ROWS : 'dasdas' deleted sucessfully
SUCCESS:ROW : sucessfully added to 'tasks'
SUCCESS:ROWS : 'dsadas' deleted sucessfully
SUCCESS:ROW : sucessfully added to 'tasks'
SUCCESS:ROWS : 'dsadas' deleted sucessfully
SUCCESS:ROW : sucessfully added to 'tasks'
SUCCESS:ROW : sucessfully added to 'tasks'
SUCCESS:ROWS : 'sdasda' deleted sucessfully
SUCCESS:ROWS : 'xzczx' deleted sucessfully
SUCCESS:ROW : sucessfully added to 'tasks'
SUCCESS:ROW : sucessfully added to 'tasks'
SUCCESS:ROWS : 'dsada' deleted sucessfully
SUCCESS:ROWS : 'dsadas' deleted sucessfully
SUCCESS:ROW : sucessfully added to 'tasks'
SUCCESS:ROW : sucessfully added to 'tasks'
SUCCESS:ROWS : 'dsadas' deleted sucessfully
SUCCESS:ROW : sucessfully added to 'tasks'
SUCCESS:ROW : sucessfully added to 'tasks'
SUCCESS:ROW : sucessfully added to 'tasks'
